Using pre-set license
Built from '2020.2/release' branch; Version is '2020.2.1f1 (270dd8c3da1c) revision 2559448'; Using compiler version '192528614'; Build Type 'Release'
OS: 'Windows 10  (10.0.0) 64bit' Language: 'pt' Physical Memory: 16281 MB
BatchMode: 1, IsHumanControllingUs: 0, StartBugReporterOnCrash: 0, Is64bit: 1, IsPro: 0

 COMMAND LINE ARGUMENTS:
D:\Unity EDITOR\2020.2.1f1\Editor\Unity.exe
-adb2
-batchMode
-noUpm
-name
AssetImportWorker0
-projectPath
D:/UNITY/Projects/Megaman X
-logFile
Logs/AssetImportWorker0.log
-srvPort
54378
Successfully changed project path to: D:/UNITY/Projects/Megaman X
D:/UNITY/Projects/Megaman X
Using Asset Import Pipeline V2.
Refreshing native plugins compatible for Editor in 35.82 ms, found 1 plugins.
Preloading 0 native plugins for Editor in 0.00 ms.
Initialize engine version: 2020.2.1f1 (270dd8c3da1c)
[Subsystems] Discovering subsystems at path D:/Unity EDITOR/2020.2.1f1/Editor/Data/Resources/UnitySubsystems
[Subsystems] Discovering subsystems at path D:/UNITY/Projects/Megaman X/Assets
GfxDevice: creating device client; threaded=0
Direct3D:
    Version:  Direct3D 11.0 [level 11.1]
    Renderer: NVIDIA GeForce MX150 (ID=0x1d10)
    Vendor:   
    VRAM:     4027 MB
    Driver:   27.21.14.5167
Initialize mono
Mono path[0] = 'D:/Unity EDITOR/2020.2.1f1/Editor/Data/Managed'
Mono path[1] = 'D:/Unity EDITOR/2020.2.1f1/Editor/Data/MonoBleedingEdge/lib/mono/unityjit'
Mono config path = 'D:/Unity EDITOR/2020.2.1f1/Editor/Data/MonoBleedingEdge/etc'
Using monoOptions --debugger-agent=transport=dt_socket,embedding=1,server=y,suspend=n,address=127.0.0.1:56136
Begin MonoManager ReloadAssembly
Registering precompiled unity dll's ...
Register platform support module: D:/Unity EDITOR/2020.2.1f1/Editor/Data/PlaybackEngines/WindowsStandaloneSupport/UnityEditor.WindowsStandalone.Extensions.dll
Registered in 0.001184 seconds.
Native extension for WindowsStandalone target not found
Refreshing native plugins compatible for Editor in 32.31 ms, found 1 plugins.
Preloading 0 native plugins for Editor in 0.00 ms.
Invoked RoslynAnalysisRunner static constructor.
RoslynAnalysisRunner will not be running.
RoslynAnalysisRunner has terminated.
Mono: successfully reloaded assembly
- Completed reload, in  1.205 seconds
Platform modules already initialized, skipping
Registering precompiled user dll's ...
Registered in 0.001092 seconds.
Begin MonoManager ReloadAssembly
Native extension for WindowsStandalone target not found
Refreshing native plugins compatible for Editor in 49.80 ms, found 1 plugins.
Preloading 0 native plugins for Editor in 0.00 ms.
Invoked RoslynAnalysisRunner static constructor.
RoslynAnalysisRunner will not be running.
RoslynAnalysisRunner has terminated.
Mono: successfully reloaded assembly
- Completed reload, in  1.117 seconds
Platform modules already initialized, skipping
========================================================================
Worker process is ready to serve import requests
Launched and connected shader compiler UnityShaderCompiler.exe after 0.05 seconds
Refreshing native plugins compatible for Editor in 0.44 ms, found 1 plugins.
Preloading 0 native plugins for Editor in 0.00 ms.
Unloading 1787 Unused Serialized files (Serialized files now loaded: 0)
System memory in use before: 83.5 MB.
System memory in use after: 83.5 MB.

Unloading 24 unused Assets to reduce memory usage. Loaded Objects now: 2226.
Total: 2.788000 ms (FindLiveObjects: 0.490000 ms CreateObjectMapping: 0.192600 ms MarkObjects: 1.944100 ms  DeleteObjects: 0.160000 ms)

========================================================================
Received Import Request.
  path: Assets/Megaman X
  artifactKey: Guid(e87fb4f9252ef77478c23545e864bdb2) Importer(815301076,1909f56bfc062723c751e8b465ee728b)
Start importing Assets/Megaman X using Guid(e87fb4f9252ef77478c23545e864bdb2) Importer(815301076,1909f56bfc062723c751e8b465ee728b)  -> (artifact id: 'e75357d11dd0490a7d8ab88173644241') in 0.117276 seconds
  Import took 0.123190 seconds .

========================================================================
Received Import Request.
  Time since last request: 12.569007 seconds.
  path: Assets/Sounds
  artifactKey: Guid(f68c8740c7fd0f14f8073ebcaa306579) Importer(815301076,1909f56bfc062723c751e8b465ee728b)
Start importing Assets/Sounds using Guid(f68c8740c7fd0f14f8073ebcaa306579) Importer(815301076,1909f56bfc062723c751e8b465ee728b)  -> (artifact id: 'd8c8e5a1c45a7be34936c055cf0d564d') in 0.007576 seconds
  Import took 0.010605 seconds .

========================================================================
Received Import Request.
  Time since last request: 0.453720 seconds.
  path: Assets/Sprites
  artifactKey: Guid(984fe18dc49d5894cb8fb6d6f5532fd6) Importer(815301076,1909f56bfc062723c751e8b465ee728b)
Start importing Assets/Sprites using Guid(984fe18dc49d5894cb8fb6d6f5532fd6) Importer(815301076,1909f56bfc062723c751e8b465ee728b)  -> (artifact id: '6ac2160364b7d351815b2d59cd363164') in 0.010981 seconds
  Import took 0.039718 seconds .

========================================================================
Received Import Request.
  Time since last request: 1.912697 seconds.
  path: Assets/Sprites/31592.png
  artifactKey: Guid(da21474165a686e4680f0f31b7e13524) Importer(815301076,1909f56bfc062723c751e8b465ee728b)
Start importing Assets/Sprites/31592.png using Guid(da21474165a686e4680f0f31b7e13524) Importer(815301076,1909f56bfc062723c751e8b465ee728b)  -> (artifact id: '55abcb15a585bf7dcea20d0ca9499bb1') in 0.212727 seconds
  Import took 0.232781 seconds .

========================================================================
Received Import Request.
  Time since last request: 0.000384 seconds.
  path: Assets/Sprites/pinguim.png
  artifactKey: Guid(a828b4df351a4ef4599c598065a94917) Importer(815301076,1909f56bfc062723c751e8b465ee728b)
Start importing Assets/Sprites/pinguim.png using Guid(a828b4df351a4ef4599c598065a94917) Importer(815301076,1909f56bfc062723c751e8b465ee728b)  -> (artifact id: '8c3cc24efb7d6457894578f780055d09') in 0.032272 seconds
  Import took 0.035037 seconds .

========================================================================
Received Import Request.
  Time since last request: 0.000317 seconds.
  path: Assets/Sprites/chargeEditado.png
  artifactKey: Guid(c63d48f7a39f6394bab05ebe3eb61e9d) Importer(815301076,1909f56bfc062723c751e8b465ee728b)
Start importing Assets/Sprites/chargeEditado.png using Guid(c63d48f7a39f6394bab05ebe3eb61e9d) Importer(815301076,1909f56bfc062723c751e8b465ee728b)  -> (artifact id: '0b49f0b62931d1e75db93ba113b20b74') in 0.029883 seconds
  Import took 0.033642 seconds .

========================================================================
Received Import Request.
  Time since last request: 0.000408 seconds.
  path: Assets/Sprites/bg.png
  artifactKey: Guid(26ab8f849a3346044ac5ed80f4a28666) Importer(815301076,1909f56bfc062723c751e8b465ee728b)
Start importing Assets/Sprites/bg.png using Guid(26ab8f849a3346044ac5ed80f4a28666) Importer(815301076,1909f56bfc062723c751e8b465ee728b)  -> (artifact id: '0db9db48a05633edba4ff1b5b06e2a8c') in 0.025000 seconds
  Import took 0.030093 seconds .

========================================================================
Received Import Request.
  Time since last request: 0.000968 seconds.
  path: Assets/Sprites/ready.png
  artifactKey: Guid(5af59daa0db67c145ba7107ac4c48833) Importer(815301076,1909f56bfc062723c751e8b465ee728b)
Start importing Assets/Sprites/ready.png using Guid(5af59daa0db67c145ba7107ac4c48833) Importer(815301076,1909f56bfc062723c751e8b465ee728b)  -> (artifact id: '5a1fc6ec9175efb98e9934eaa7630435') in 0.038188 seconds
  Import took 0.042896 seconds .

========================================================================
Received Import Request.
  Time since last request: 0.000414 seconds.
  path: Assets/Sprites/mmx1_items.png
  artifactKey: Guid(97718a79aca4c8148971fddcf790f849) Importer(815301076,1909f56bfc062723c751e8b465ee728b)
Start importing Assets/Sprites/mmx1_items.png using Guid(97718a79aca4c8148971fddcf790f849) Importer(815301076,1909f56bfc062723c751e8b465ee728b)  -> (artifact id: '7a5383d6629a3a0f9bd8ff3c9e897b14') in 0.032489 seconds
  Import took 0.035526 seconds .

========================================================================
Received Import Request.
  Time since last request: 0.000475 seconds.
  path: Assets/Sprites/mmx1_cars.png
  artifactKey: Guid(6187a556768b64944876d2db21ce8005) Importer(815301076,1909f56bfc062723c751e8b465ee728b)
Start importing Assets/Sprites/mmx1_cars.png using Guid(6187a556768b64944876d2db21ce8005) Importer(815301076,1909f56bfc062723c751e8b465ee728b)  -> (artifact id: '55b93142fe082ae9e12eac4ed000d7d2') in 0.042986 seconds
  Import took 0.050621 seconds .

========================================================================
Received Import Request.
  Time since last request: 0.000408 seconds.
  path: Assets/Sprites/mmx1_effects.png
  artifactKey: Guid(63428b686fbb59d4db3ea4d0a1d78e9a) Importer(815301076,1909f56bfc062723c751e8b465ee728b)
Start importing Assets/Sprites/mmx1_effects.png using Guid(63428b686fbb59d4db3ea4d0a1d78e9a) Importer(815301076,1909f56bfc062723c751e8b465ee728b)  -> (artifact id: 'd147f3e9076611fd72bb62f5b4562095') in 0.033577 seconds
  Import took 0.037486 seconds .

========================================================================
Received Import Request.
  Time since last request: 0.000324 seconds.
  path: Assets/Sprites/nevasca.png
  artifactKey: Guid(4f0cef6c996887f4cbdcf4285b28fe94) Importer(815301076,1909f56bfc062723c751e8b465ee728b)
Start importing Assets/Sprites/nevasca.png using Guid(4f0cef6c996887f4cbdcf4285b28fe94) Importer(815301076,1909f56bfc062723c751e8b465ee728b)  -> (artifact id: '4c31e2758289a9572cbb1c5ade59ab5b') in 0.032011 seconds
  Import took 0.066879 seconds .

========================================================================
Received Import Request.
  Time since last request: 0.000320 seconds.
  path: Assets/Sprites/mmx_xsheet.png
  artifactKey: Guid(4b8827d52b13bd1418a81fe1dcf475e4) Importer(815301076,1909f56bfc062723c751e8b465ee728b)
Start importing Assets/Sprites/mmx_xsheet.png using Guid(4b8827d52b13bd1418a81fe1dcf475e4) Importer(815301076,1909f56bfc062723c751e8b465ee728b)  -> (artifact id: 'fe31187b5875aadaca141ae342e5dc65') in 0.048890 seconds
  Import took 0.051857 seconds .

========================================================================
Received Import Request.
  Time since last request: 0.000338 seconds.
  path: Assets/Sprites/tileset.png
  artifactKey: Guid(60cb99c4b3adf14438b9c64f5d21037d) Importer(815301076,1909f56bfc062723c751e8b465ee728b)
Start importing Assets/Sprites/tileset.png using Guid(60cb99c4b3adf14438b9c64f5d21037d) Importer(815301076,1909f56bfc062723c751e8b465ee728b)  -> (artifact id: 'd12586ea0cd77c5688f981965292ef55') in 0.046849 seconds
  Import took 0.050788 seconds .

========================================================================
Received Import Request.
  Time since last request: 0.000314 seconds.
  path: Assets/Sprites/mmx1_gameobjects.png
  artifactKey: Guid(01325c251c034e146bdbeeabf8c1acc5) Importer(815301076,1909f56bfc062723c751e8b465ee728b)
Start importing Assets/Sprites/mmx1_gameobjects.png using Guid(01325c251c034e146bdbeeabf8c1acc5) Importer(815301076,1909f56bfc062723c751e8b465ee728b)  -> (artifact id: '199a79c98f57ddaf9d06bb76a3ce6ca7') in 0.036433 seconds
  Import took 0.053037 seconds .

========================================================================
Received Import Request.
  Time since last request: 0.000294 seconds.
  path: Assets/Sprites/mmx1-buster.png
  artifactKey: Guid(f9e06795da660f34fbf74961659c9299) Importer(815301076,1909f56bfc062723c751e8b465ee728b)
Start importing Assets/Sprites/mmx1-buster.png using Guid(f9e06795da660f34fbf74961659c9299) Importer(815301076,1909f56bfc062723c751e8b465ee728b)  -> (artifact id: '10fc77beb0636bd0e3fcb06d063f1315') in 0.024037 seconds
  Import took 0.027592 seconds .

========================================================================
Received Import Request.
  Time since last request: 0.000336 seconds.
  path: Assets/Sprites/mmx1chillpenguin.png
  artifactKey: Guid(806067b570c70e3419e02b7f8ecbb970) Importer(815301076,1909f56bfc062723c751e8b465ee728b)
Start importing Assets/Sprites/mmx1chillpenguin.png using Guid(806067b570c70e3419e02b7f8ecbb970) Importer(815301076,1909f56bfc062723c751e8b465ee728b)  -> (artifact id: 'bae7beac5677536ae4a2b7980b62a3ad') in 0.040926 seconds
  Import took 0.044577 seconds .

========================================================================
Received Import Request.
  Time since last request: 19.216177 seconds.
  path: Assets/Sprites/31592.png
  artifactKey: Guid(da21474165a686e4680f0f31b7e13524) Importer(815301076,1909f56bfc062723c751e8b465ee728b)
Start importing Assets/Sprites/31592.png using Guid(da21474165a686e4680f0f31b7e13524) Importer(815301076,1909f56bfc062723c751e8b465ee728b)  -> (artifact id: '4efefb561a11a8af7de83f360845549f') in 0.018745 seconds
  Import took 0.022155 seconds .

========================================================================
Received Import Request.
  Time since last request: 11.499089 seconds.
  path: Assets/Sprites/bg.png
  artifactKey: Guid(26ab8f849a3346044ac5ed80f4a28666) Importer(815301076,1909f56bfc062723c751e8b465ee728b)
Start importing Assets/Sprites/bg.png using Guid(26ab8f849a3346044ac5ed80f4a28666) Importer(815301076,1909f56bfc062723c751e8b465ee728b)  -> (artifact id: '7f553170dd0c0b67b825e3cd7f89c40d') in 0.015145 seconds
  Import took 0.018642 seconds .

========================================================================
Received Import Request.
  Time since last request: 9.199786 seconds.
  path: Assets/Sprites/chargeEditado.png
  artifactKey: Guid(c63d48f7a39f6394bab05ebe3eb61e9d) Importer(815301076,1909f56bfc062723c751e8b465ee728b)
Start importing Assets/Sprites/chargeEditado.png using Guid(c63d48f7a39f6394bab05ebe3eb61e9d) Importer(815301076,1909f56bfc062723c751e8b465ee728b)  -> (artifact id: 'f8ae9ec427e624526ab851d5ae25a820') in 0.015559 seconds
  Import took 0.019729 seconds .

========================================================================
Received Import Request.
  Time since last request: 8.413760 seconds.
  path: Assets/Sprites/mmx1-buster.png
  artifactKey: Guid(f9e06795da660f34fbf74961659c9299) Importer(815301076,1909f56bfc062723c751e8b465ee728b)
Start importing Assets/Sprites/mmx1-buster.png using Guid(f9e06795da660f34fbf74961659c9299) Importer(815301076,1909f56bfc062723c751e8b465ee728b)  -> (artifact id: 'a576c1af48df0cf8bcbcbf7d06186f2b') in 0.015142 seconds
  Import took 0.019127 seconds .

========================================================================
Received Import Request.
  Time since last request: 0.001504 seconds.
  path: Assets/Sprites/mmx1-buster.png
  artifactKey: Guid(f9e06795da660f34fbf74961659c9299) Importer(815301076,1909f56bfc062723c751e8b465ee728b)
Start importing Assets/Sprites/mmx1-buster.png using Guid(f9e06795da660f34fbf74961659c9299) Importer(815301076,1909f56bfc062723c751e8b465ee728b)  -> (artifact id: 'a576c1af48df0cf8bcbcbf7d06186f2b') in 0.018609 seconds
  Import took 0.022119 seconds .

========================================================================
Received Import Request.
  Time since last request: 12.706991 seconds.
  path: Assets/Sprites/mmx1_cars.png
  artifactKey: Guid(6187a556768b64944876d2db21ce8005) Importer(815301076,1909f56bfc062723c751e8b465ee728b)
Start importing Assets/Sprites/mmx1_cars.png using Guid(6187a556768b64944876d2db21ce8005) Importer(815301076,1909f56bfc062723c751e8b465ee728b)  -> (artifact id: '22335fec81c8f3270f8d13b9c6e7c640') in 0.018540 seconds
  Import took 0.022154 seconds .

========================================================================
Received Import Request.
  Time since last request: 9.530459 seconds.
  path: Assets/Sprites/mmx1_effects.png
  artifactKey: Guid(63428b686fbb59d4db3ea4d0a1d78e9a) Importer(815301076,1909f56bfc062723c751e8b465ee728b)
Start importing Assets/Sprites/mmx1_effects.png using Guid(63428b686fbb59d4db3ea4d0a1d78e9a) Importer(815301076,1909f56bfc062723c751e8b465ee728b)  -> (artifact id: '24df6f359161100c7c6015458508fdbd') in 0.014586 seconds
  Import took 0.018046 seconds .

========================================================================
Received Import Request.
  Time since last request: 8.232218 seconds.
  path: Assets/Sprites/mmx1_gameobjects.png
  artifactKey: Guid(01325c251c034e146bdbeeabf8c1acc5) Importer(815301076,1909f56bfc062723c751e8b465ee728b)
Start importing Assets/Sprites/mmx1_gameobjects.png using Guid(01325c251c034e146bdbeeabf8c1acc5) Importer(815301076,1909f56bfc062723c751e8b465ee728b)  -> (artifact id: 'a2e81601c7377210964df1ec2df686bf') in 0.020165 seconds
  Import took 0.023385 seconds .

========================================================================
Received Import Request.
  Time since last request: 9.885063 seconds.
  path: Assets/Sprites/mmx1_items.png
  artifactKey: Guid(97718a79aca4c8148971fddcf790f849) Importer(815301076,1909f56bfc062723c751e8b465ee728b)
Start importing Assets/Sprites/mmx1_items.png using Guid(97718a79aca4c8148971fddcf790f849) Importer(815301076,1909f56bfc062723c751e8b465ee728b)  -> (artifact id: 'a59a456061b70a06905f87b2766ae4ba') in 0.017408 seconds
  Import took 0.021558 seconds .

========================================================================
Received Import Request.
  Time since last request: 0.001342 seconds.
  path: Assets/Sprites/mmx1_items.png
  artifactKey: Guid(97718a79aca4c8148971fddcf790f849) Importer(815301076,1909f56bfc062723c751e8b465ee728b)
Start importing Assets/Sprites/mmx1_items.png using Guid(97718a79aca4c8148971fddcf790f849) Importer(815301076,1909f56bfc062723c751e8b465ee728b)  -> (artifact id: 'a59a456061b70a06905f87b2766ae4ba') in 0.016396 seconds
  Import took 0.019591 seconds .

========================================================================
Received Import Request.
  Time since last request: 8.048620 seconds.
  path: Assets/Sprites/mmx1chillpenguin.png
  artifactKey: Guid(806067b570c70e3419e02b7f8ecbb970) Importer(815301076,1909f56bfc062723c751e8b465ee728b)
Start importing Assets/Sprites/mmx1chillpenguin.png using Guid(806067b570c70e3419e02b7f8ecbb970) Importer(815301076,1909f56bfc062723c751e8b465ee728b)  -> (artifact id: '60f82730c3c32a711e102ec5daae13d0') in 0.018987 seconds
  Import took 0.022625 seconds .

========================================================================
Received Import Request.
  Time since last request: 7.252995 seconds.
  path: Assets/Sprites/mmx_xsheet.png
  artifactKey: Guid(4b8827d52b13bd1418a81fe1dcf475e4) Importer(815301076,1909f56bfc062723c751e8b465ee728b)
Start importing Assets/Sprites/mmx_xsheet.png using Guid(4b8827d52b13bd1418a81fe1dcf475e4) Importer(815301076,1909f56bfc062723c751e8b465ee728b)  -> (artifact id: '391307ed348cb666b5d4cd6f91ecfa0f') in 0.037233 seconds
  Import took 0.040239 seconds .

========================================================================
Received Import Request.
  Time since last request: 6.993665 seconds.
  path: Assets/Sprites/nevasca.png
  artifactKey: Guid(4f0cef6c996887f4cbdcf4285b28fe94) Importer(815301076,1909f56bfc062723c751e8b465ee728b)
Start importing Assets/Sprites/nevasca.png using Guid(4f0cef6c996887f4cbdcf4285b28fe94) Importer(815301076,1909f56bfc062723c751e8b465ee728b)  -> (artifact id: '8ca5b1887853798b83e7ea0b571490f5') in 0.013699 seconds
  Import took 0.017028 seconds .

========================================================================
Received Import Request.
  Time since last request: 0.004992 seconds.
  path: Assets/Sprites/nevasca.png
  artifactKey: Guid(4f0cef6c996887f4cbdcf4285b28fe94) Importer(815301076,1909f56bfc062723c751e8b465ee728b)
Start importing Assets/Sprites/nevasca.png using Guid(4f0cef6c996887f4cbdcf4285b28fe94) Importer(815301076,1909f56bfc062723c751e8b465ee728b)  -> (artifact id: '8ca5b1887853798b83e7ea0b571490f5') in 0.014293 seconds
  Import took 0.017335 seconds .

========================================================================
Received Import Request.
  Time since last request: 7.203889 seconds.
  path: Assets/Sprites/pinguim.png
  artifactKey: Guid(a828b4df351a4ef4599c598065a94917) Importer(815301076,1909f56bfc062723c751e8b465ee728b)
Start importing Assets/Sprites/pinguim.png using Guid(a828b4df351a4ef4599c598065a94917) Importer(815301076,1909f56bfc062723c751e8b465ee728b)  -> (artifact id: 'a27a40a9d0852efa83be9b2daf2d8ddf') in 0.019211 seconds
  Import took 0.234415 seconds .

========================================================================
Received Import Request.
  Time since last request: 9.559926 seconds.
  path: Assets/Sprites/ready.png
  artifactKey: Guid(5af59daa0db67c145ba7107ac4c48833) Importer(815301076,1909f56bfc062723c751e8b465ee728b)
Start importing Assets/Sprites/ready.png using Guid(5af59daa0db67c145ba7107ac4c48833) Importer(815301076,1909f56bfc062723c751e8b465ee728b)  -> (artifact id: 'a803bc8d374cbf6c04d513e0a46191ce') in 0.052041 seconds
  Import took 0.056726 seconds .

========================================================================
Received Import Request.
  Time since last request: 6.145711 seconds.
  path: Assets/Sprites/tileset.png
  artifactKey: Guid(60cb99c4b3adf14438b9c64f5d21037d) Importer(815301076,1909f56bfc062723c751e8b465ee728b)
Start importing Assets/Sprites/tileset.png using Guid(60cb99c4b3adf14438b9c64f5d21037d) Importer(815301076,1909f56bfc062723c751e8b465ee728b)  -> (artifact id: '78b75ae7dc30052863dd82befa3d388a') in 0.020842 seconds
  Import took 0.024710 seconds .

========================================================================
Received Import Request.
  Time since last request: 646.011854 seconds.
  path: Assets/Sprites/31592.png
  artifactKey: Guid(da21474165a686e4680f0f31b7e13524) Importer(815301076,1909f56bfc062723c751e8b465ee728b)
Start importing Assets/Sprites/31592.png using Guid(da21474165a686e4680f0f31b7e13524) Importer(815301076,1909f56bfc062723c751e8b465ee728b)  -> (artifact id: '435673e99fb42c82e595178753f073d5') in 0.040232 seconds
  Import took 0.098227 seconds .

========================================================================
Received Import Request.
  Time since last request: 8.302039 seconds.
  path: Assets/Sprites/31592.png
  artifactKey: Guid(da21474165a686e4680f0f31b7e13524) Importer(815301076,1909f56bfc062723c751e8b465ee728b)
Start importing Assets/Sprites/31592.png using Guid(da21474165a686e4680f0f31b7e13524) Importer(815301076,1909f56bfc062723c751e8b465ee728b)  -> (artifact id: '32c5b5c16d95623f9abdaf4edd87f6cf') in 0.023768 seconds
  Import took 0.040565 seconds .

========================================================================
Received Import Request.
  Time since last request: 7.820851 seconds.
  path: Assets/Sprites/bg.png
  artifactKey: Guid(26ab8f849a3346044ac5ed80f4a28666) Importer(815301076,1909f56bfc062723c751e8b465ee728b)
Start importing Assets/Sprites/bg.png using Guid(26ab8f849a3346044ac5ed80f4a28666) Importer(815301076,1909f56bfc062723c751e8b465ee728b)  -> (artifact id: 'b4f3f5a4dbb3ea0909b36d39668ed2d1') in 0.015789 seconds
  Import took 0.042927 seconds .

========================================================================
Received Import Request.
  Time since last request: 25.759111 seconds.
  path: Assets/Sprites/chargeEditado.png
  artifactKey: Guid(c63d48f7a39f6394bab05ebe3eb61e9d) Importer(815301076,1909f56bfc062723c751e8b465ee728b)
Start importing Assets/Sprites/chargeEditado.png using Guid(c63d48f7a39f6394bab05ebe3eb61e9d) Importer(815301076,1909f56bfc062723c751e8b465ee728b)  -> (artifact id: '87db63aae9b7e14620a8f425d6419e04') in 0.055108 seconds
  Import took 0.125749 seconds .

========================================================================
Received Import Request.
  Time since last request: 6.776938 seconds.
  path: Assets/Sprites/mmx1-buster.png
  artifactKey: Guid(f9e06795da660f34fbf74961659c9299) Importer(815301076,1909f56bfc062723c751e8b465ee728b)
Start importing Assets/Sprites/mmx1-buster.png using Guid(f9e06795da660f34fbf74961659c9299) Importer(815301076,1909f56bfc062723c751e8b465ee728b)  -> (artifact id: 'd4836407bd64700aec6f60d7f046efec') in 0.019550 seconds
  Import took 0.035769 seconds .

========================================================================
Received Import Request.
  Time since last request: 8.494967 seconds.
  path: Assets/Sprites/mmx1_cars.png
  artifactKey: Guid(6187a556768b64944876d2db21ce8005) Importer(815301076,1909f56bfc062723c751e8b465ee728b)
Start importing Assets/Sprites/mmx1_cars.png using Guid(6187a556768b64944876d2db21ce8005) Importer(815301076,1909f56bfc062723c751e8b465ee728b)  -> (artifact id: '2531c2582c3269e8fc2c54a87ae06e87') in 0.033690 seconds
  Import took 0.037341 seconds .

========================================================================
Received Import Request.
  Time since last request: 6.066472 seconds.
  path: Assets/Sprites/mmx1_effects.png
  artifactKey: Guid(63428b686fbb59d4db3ea4d0a1d78e9a) Importer(815301076,1909f56bfc062723c751e8b465ee728b)
Start importing Assets/Sprites/mmx1_effects.png using Guid(63428b686fbb59d4db3ea4d0a1d78e9a) Importer(815301076,1909f56bfc062723c751e8b465ee728b)  -> (artifact id: '6fc326119a72ba49a7c4352b504b7185') in 0.014962 seconds
  Import took 0.044797 seconds .

========================================================================
Received Import Request.
  Time since last request: 93.136845 seconds.
  path: Assets/Sprites/mmx1_gameobjects.png
  artifactKey: Guid(01325c251c034e146bdbeeabf8c1acc5) Importer(815301076,1909f56bfc062723c751e8b465ee728b)
Start importing Assets/Sprites/mmx1_gameobjects.png using Guid(01325c251c034e146bdbeeabf8c1acc5) Importer(815301076,1909f56bfc062723c751e8b465ee728b)  -> (artifact id: 'c6ea4ecc2084605a860b0fba0f41daad') in 0.027536 seconds
  Import took 0.050875 seconds .

========================================================================
Received Import Request.
  Time since last request: 10.536394 seconds.
  path: Assets/Sprites/mmx1_items.png
  artifactKey: Guid(97718a79aca4c8148971fddcf790f849) Importer(815301076,1909f56bfc062723c751e8b465ee728b)
Start importing Assets/Sprites/mmx1_items.png using Guid(97718a79aca4c8148971fddcf790f849) Importer(815301076,1909f56bfc062723c751e8b465ee728b)  -> (artifact id: '10940bc7b3878cb85226829073fd5b7d') in 0.010724 seconds
  Import took 0.034668 seconds .

========================================================================
Received Import Request.
  Time since last request: 8.460298 seconds.
  path: Assets/Sprites/mmx1chillpenguin.png
  artifactKey: Guid(806067b570c70e3419e02b7f8ecbb970) Importer(815301076,1909f56bfc062723c751e8b465ee728b)
Start importing Assets/Sprites/mmx1chillpenguin.png using Guid(806067b570c70e3419e02b7f8ecbb970) Importer(815301076,1909f56bfc062723c751e8b465ee728b)  -> (artifact id: '55112d58c7966bb38dc60662ea174485') in 0.016814 seconds
  Import took 0.124196 seconds .

========================================================================
Received Import Request.
  Time since last request: 5.853901 seconds.
  path: Assets/Sprites/mmx_xsheet.png
  artifactKey: Guid(4b8827d52b13bd1418a81fe1dcf475e4) Importer(815301076,1909f56bfc062723c751e8b465ee728b)
Start importing Assets/Sprites/mmx_xsheet.png using Guid(4b8827d52b13bd1418a81fe1dcf475e4) Importer(815301076,1909f56bfc062723c751e8b465ee728b)  -> (artifact id: '98ddc4137bc806c48dbc57a8db36ebf0') in 0.047553 seconds
  Import took 0.067753 seconds .

========================================================================
Received Import Request.
  Time since last request: 6.271760 seconds.
  path: Assets/Sprites/nevasca.png
  artifactKey: Guid(4f0cef6c996887f4cbdcf4285b28fe94) Importer(815301076,1909f56bfc062723c751e8b465ee728b)
Start importing Assets/Sprites/nevasca.png using Guid(4f0cef6c996887f4cbdcf4285b28fe94) Importer(815301076,1909f56bfc062723c751e8b465ee728b)  -> (artifact id: '47ff7bc61dfb3e861357a0cb0f956381') in 0.014201 seconds
  Import took 0.018661 seconds .

========================================================================
Received Import Request.
  Time since last request: 0.000974 seconds.
  path: Assets/Sprites/nevasca.png
  artifactKey: Guid(4f0cef6c996887f4cbdcf4285b28fe94) Importer(815301076,1909f56bfc062723c751e8b465ee728b)
Start importing Assets/Sprites/nevasca.png using Guid(4f0cef6c996887f4cbdcf4285b28fe94) Importer(815301076,1909f56bfc062723c751e8b465ee728b)  -> (artifact id: '47ff7bc61dfb3e861357a0cb0f956381') in 0.013102 seconds
  Import took 0.017286 seconds .

========================================================================
Received Import Request.
  Time since last request: 4.876789 seconds.
  path: Assets/Sprites/pinguim.png
  artifactKey: Guid(a828b4df351a4ef4599c598065a94917) Importer(815301076,1909f56bfc062723c751e8b465ee728b)
Start importing Assets/Sprites/pinguim.png using Guid(a828b4df351a4ef4599c598065a94917) Importer(815301076,1909f56bfc062723c751e8b465ee728b)  -> (artifact id: '165507531db4c60816d2131fafe04f62') in 0.045111 seconds
  Import took 0.048551 seconds .

========================================================================
Received Import Request.
  Time since last request: 5.629985 seconds.
  path: Assets/Sprites/ready.png
  artifactKey: Guid(5af59daa0db67c145ba7107ac4c48833) Importer(815301076,1909f56bfc062723c751e8b465ee728b)
Start importing Assets/Sprites/ready.png using Guid(5af59daa0db67c145ba7107ac4c48833) Importer(815301076,1909f56bfc062723c751e8b465ee728b)  -> (artifact id: '554e5c04f0d3841c86df2a5f698a203b') in 0.014759 seconds
  Import took 0.017936 seconds .

========================================================================
Received Import Request.
  Time since last request: 0.001590 seconds.
  path: Assets/Sprites/ready.png
  artifactKey: Guid(5af59daa0db67c145ba7107ac4c48833) Importer(815301076,1909f56bfc062723c751e8b465ee728b)
Start importing Assets/Sprites/ready.png using Guid(5af59daa0db67c145ba7107ac4c48833) Importer(815301076,1909f56bfc062723c751e8b465ee728b)  -> (artifact id: '554e5c04f0d3841c86df2a5f698a203b') in 0.014049 seconds
  Import took 0.017361 seconds .

========================================================================
Received Import Request.
  Time since last request: 16.808108 seconds.
  path: Assets/Sprites/tileset.png
  artifactKey: Guid(60cb99c4b3adf14438b9c64f5d21037d) Importer(815301076,1909f56bfc062723c751e8b465ee728b)
Start importing Assets/Sprites/tileset.png using Guid(60cb99c4b3adf14438b9c64f5d21037d) Importer(815301076,1909f56bfc062723c751e8b465ee728b)  -> (artifact id: 'bb68ac01f7965974813fcc27d88aeee1') in 0.042302 seconds
  Import took 0.045284 seconds .

========================================================================
Received Import Request.
  Time since last request: 75.395682 seconds.
  path: Assets/Sprites/mmx1_cars.png
  artifactKey: Guid(6187a556768b64944876d2db21ce8005) Importer(815301076,1909f56bfc062723c751e8b465ee728b)
Start importing Assets/Sprites/mmx1_cars.png using Guid(6187a556768b64944876d2db21ce8005) Importer(815301076,1909f56bfc062723c751e8b465ee728b)  -> (artifact id: '6fc13d291b430c449015cb024daaf9db') in 0.015171 seconds
  Import took 0.018969 seconds .

========================================================================
Received Import Request.
  Time since last request: 0.005537 seconds.
  path: Assets/Sprites/mmx1-buster.png
  artifactKey: Guid(f9e06795da660f34fbf74961659c9299) Importer(815301076,1909f56bfc062723c751e8b465ee728b)
Start importing Assets/Sprites/mmx1-buster.png using Guid(f9e06795da660f34fbf74961659c9299) Importer(815301076,1909f56bfc062723c751e8b465ee728b)  -> (artifact id: '1827b9e05dc228a610fae80f622a5358') in 0.020186 seconds
  Import took 0.023533 seconds .

========================================================================
Received Import Request.
  Time since last request: 0.000418 seconds.
  path: Assets/Sprites/mmx1_items.png
  artifactKey: Guid(97718a79aca4c8148971fddcf790f849) Importer(815301076,1909f56bfc062723c751e8b465ee728b)
Start importing Assets/Sprites/mmx1_items.png using Guid(97718a79aca4c8148971fddcf790f849) Importer(815301076,1909f56bfc062723c751e8b465ee728b)  -> (artifact id: '40a1b3dd5525392d947d812ecdada7d3') in 0.017740 seconds
  Import took 0.021914 seconds .

========================================================================
Received Import Request.
  Time since last request: 0.000524 seconds.
  path: Assets/Sprites/mmx1_effects.png
  artifactKey: Guid(63428b686fbb59d4db3ea4d0a1d78e9a) Importer(815301076,1909f56bfc062723c751e8b465ee728b)
Start importing Assets/Sprites/mmx1_effects.png using Guid(63428b686fbb59d4db3ea4d0a1d78e9a) Importer(815301076,1909f56bfc062723c751e8b465ee728b)  -> (artifact id: '8f4504a1df6d17fa95dab9d7cc21b4c5') in 0.013715 seconds
  Import took 0.017066 seconds .

========================================================================
Received Import Request.
  Time since last request: 0.000307 seconds.
  path: Assets/Sprites/nevasca.png
  artifactKey: Guid(4f0cef6c996887f4cbdcf4285b28fe94) Importer(815301076,1909f56bfc062723c751e8b465ee728b)
Start importing Assets/Sprites/nevasca.png using Guid(4f0cef6c996887f4cbdcf4285b28fe94) Importer(815301076,1909f56bfc062723c751e8b465ee728b)  -> (artifact id: '4bde5fd578771747ae6e1f9c96529b7c') in 0.013528 seconds
  Import took 0.016617 seconds .

========================================================================
Received Import Request.
  Time since last request: 0.000358 seconds.
  path: Assets/Sprites/mmx_xsheet.png
  artifactKey: Guid(4b8827d52b13bd1418a81fe1dcf475e4) Importer(815301076,1909f56bfc062723c751e8b465ee728b)
Start importing Assets/Sprites/mmx_xsheet.png using Guid(4b8827d52b13bd1418a81fe1dcf475e4) Importer(815301076,1909f56bfc062723c751e8b465ee728b)  -> (artifact id: 'cb8b71dd82cfe1deb5275ffe6d97c3f3') in 0.014025 seconds
  Import took 0.017388 seconds .

========================================================================
Received Import Request.
  Time since last request: 0.000388 seconds.
  path: Assets/Sprites/tileset.png
  artifactKey: Guid(60cb99c4b3adf14438b9c64f5d21037d) Importer(815301076,1909f56bfc062723c751e8b465ee728b)
Start importing Assets/Sprites/tileset.png using Guid(60cb99c4b3adf14438b9c64f5d21037d) Importer(815301076,1909f56bfc062723c751e8b465ee728b)  -> (artifact id: '5cae0d65dcb47b6fe8f690ee7c973277') in 0.016472 seconds
  Import took 0.040086 seconds .

========================================================================
Received Import Request.
  Time since last request: 0.000323 seconds.
  path: Assets/Sprites/mmx1_gameobjects.png
  artifactKey: Guid(01325c251c034e146bdbeeabf8c1acc5) Importer(815301076,1909f56bfc062723c751e8b465ee728b)
Start importing Assets/Sprites/mmx1_gameobjects.png using Guid(01325c251c034e146bdbeeabf8c1acc5) Importer(815301076,1909f56bfc062723c751e8b465ee728b)  -> (artifact id: '4b2e062700ba89052a167974beaffba1') in 0.012501 seconds
  Import took 0.015663 seconds .

========================================================================
Received Import Request.
  Time since last request: 0.000498 seconds.
  path: Assets/Sprites/mmx1chillpenguin.png
  artifactKey: Guid(806067b570c70e3419e02b7f8ecbb970) Importer(815301076,1909f56bfc062723c751e8b465ee728b)
Start importing Assets/Sprites/mmx1chillpenguin.png using Guid(806067b570c70e3419e02b7f8ecbb970) Importer(815301076,1909f56bfc062723c751e8b465ee728b)  -> (artifact id: '05992baa146721802b8fe25e8fa9698f') in 0.014537 seconds
  Import took 0.018119 seconds .

========================================================================
Received Import Request.
  Time since last request: 150.529877 seconds.
  path: Assets/Sprites/mmx_xsheet.png
  artifactKey: Guid(4b8827d52b13bd1418a81fe1dcf475e4) Importer(815301076,1909f56bfc062723c751e8b465ee728b)
Start importing Assets/Sprites/mmx_xsheet.png using Guid(4b8827d52b13bd1418a81fe1dcf475e4) Importer(815301076,1909f56bfc062723c751e8b465ee728b)  -> (artifact id: 'a65d09a1f0a944cfcae0147a64a42077') in 0.329110 seconds
  Import took 0.351071 seconds .

========================================================================
Received Import Request.
  Time since last request: 108.403645 seconds.
  path: Assets/Sprites/tileset.png
  artifactKey: Guid(60cb99c4b3adf14438b9c64f5d21037d) Importer(815301076,1909f56bfc062723c751e8b465ee728b)
Start importing Assets/Sprites/tileset.png using Guid(60cb99c4b3adf14438b9c64f5d21037d) Importer(815301076,1909f56bfc062723c751e8b465ee728b)  -> (artifact id: '677c1b8e39e8489ddd1483b261e77924') in 0.058951 seconds
  Import took 0.079259 seconds .

========================================================================
Received Import Request.
  Time since last request: 512.614247 seconds.
  path: Assets/Sprites/mmx1-buster.png
  artifactKey: Guid(f9e06795da660f34fbf74961659c9299) Importer(815301076,1909f56bfc062723c751e8b465ee728b)
Start importing Assets/Sprites/mmx1-buster.png using Guid(f9e06795da660f34fbf74961659c9299) Importer(815301076,1909f56bfc062723c751e8b465ee728b)  -> (artifact id: '701652d42ef01a0b5b039a0a5db71048') in 0.138220 seconds
  Import took 0.143526 seconds .

========================================================================
Received Import Request.
  Time since last request: 15.786819 seconds.
  path: Assets/Sprites/tileset.png
  artifactKey: Guid(60cb99c4b3adf14438b9c64f5d21037d) Importer(815301076,1909f56bfc062723c751e8b465ee728b)
Start importing Assets/Sprites/tileset.png using Guid(60cb99c4b3adf14438b9c64f5d21037d) Importer(815301076,1909f56bfc062723c751e8b465ee728b)  -> (artifact id: '0d5f6189b8403cd9b6f523630f2ad720') in 0.054661 seconds
  Import took 0.058893 seconds .

========================================================================
Received Import Request.
  Time since last request: 1419.906730 seconds.
  path: ProjectSettings/TagManager.asset
  artifactKey: Guid(00000000000000003000000000000000) Importer(815301076,1909f56bfc062723c751e8b465ee728b)
Start importing ProjectSettings/TagManager.asset using Guid(00000000000000003000000000000000) Importer(815301076,1909f56bfc062723c751e8b465ee728b)  -> (artifact id: '2a276bfe1a8cbeea2c89852a4ad7a997') in 0.028175 seconds
  Import took 0.037413 seconds .

========================================================================
Received Import Request.
  Time since last request: 0.000846 seconds.
  path: ProjectSettings/TagManager.asset
  artifactKey: Guid(00000000000000003000000000000000) Importer(815301076,1909f56bfc062723c751e8b465ee728b)
Start importing ProjectSettings/TagManager.asset using Guid(00000000000000003000000000000000) Importer(815301076,1909f56bfc062723c751e8b465ee728b)  -> (artifact id: '2a276bfe1a8cbeea2c89852a4ad7a997') in 0.004058 seconds
  Import took 0.007530 seconds .

========================================================================
Received Import Request.
  Time since last request: 1305.318484 seconds.
  path: Assets
  artifactKey: Guid(00000000000000001000000000000000) Importer(815301076,1909f56bfc062723c751e8b465ee728b)
Start importing Assets using Guid(00000000000000001000000000000000) Importer(815301076,1909f56bfc062723c751e8b465ee728b)  -> (artifact id: 'e1a2c4dac9df7c17871e19a3b74f0e9f') in 0.010319 seconds
  Import took 0.014861 seconds .

========================================================================
Received Import Request.
  Time since last request: 5.590106 seconds.
  path: Assets/Prefabs
  artifactKey: Guid(e6558c71f6d6ce24c900d6b22deff0a0) Importer(815301076,1909f56bfc062723c751e8b465ee728b)
Start importing Assets/Prefabs using Guid(e6558c71f6d6ce24c900d6b22deff0a0) Importer(815301076,1909f56bfc062723c751e8b465ee728b)  -> (artifact id: 'ee684e0b94f43a6636ebc0a38a740b6a') in 0.010071 seconds
  Import took 0.013380 seconds .

========================================================================
Received Import Request.
  Time since last request: 454.811805 seconds.
  path: Assets/Prefabs/Shot.prefab
  artifactKey: Guid(e2a308c6418e8fb4facf5c009f7ccd0d) Importer(815301076,1909f56bfc062723c751e8b465ee728b)
Start importing Assets/Prefabs/Shot.prefab using Guid(e2a308c6418e8fb4facf5c009f7ccd0d) Importer(815301076,1909f56bfc062723c751e8b465ee728b)  -> (artifact id: '80341988111d6e004c5d3e20bc5871c0') in 0.217275 seconds
  Import took 0.221683 seconds .

========================================================================
Received Import Request.
  Time since last request: 0.028580 seconds.
  path: Assets/Prefabs/Shot.prefab
  artifactKey: Guid(e2a308c6418e8fb4facf5c009f7ccd0d) Importer(815301076,1909f56bfc062723c751e8b465ee728b)
Start importing Assets/Prefabs/Shot.prefab using Guid(e2a308c6418e8fb4facf5c009f7ccd0d) Importer(815301076,1909f56bfc062723c751e8b465ee728b)  -> (artifact id: '80341988111d6e004c5d3e20bc5871c0') in 0.012857 seconds
  Import took 0.016620 seconds .

========================================================================
Received Prepare
Registering precompiled user dll's ...
Registered in 0.001142 seconds.
Begin MonoManager ReloadAssembly
Native extension for WindowsStandalone target not found
Refreshing native plugins compatible for Editor in 0.32 ms, found 1 plugins.
Preloading 0 native plugins for Editor in 0.00 ms.
Invoked RoslynAnalysisRunner static constructor.
RoslynAnalysisRunner will not be running.
RoslynAnalysisRunner has terminated.
Mono: successfully reloaded assembly
- Completed reload, in  0.855 seconds
Platform modules already initialized, skipping
Refreshing native plugins compatible for Editor in 0.34 ms, found 1 plugins.
Preloading 0 native plugins for Editor in 0.00 ms.
Unloading 1782 Unused Serialized files (Serialized files now loaded: 0)
System memory in use before: 87.3 MB.
System memory in use after: 87.3 MB.

Unloading 14 unused Assets to reduce memory usage. Loaded Objects now: 2602.
Total: 2.119100 ms (FindLiveObjects: 0.226200 ms CreateObjectMapping: 0.072800 ms MarkObjects: 1.699800 ms  DeleteObjects: 0.118900 ms)

========================================================================
Received Prepare
Registering precompiled user dll's ...
Registered in 0.003563 seconds.
Begin MonoManager ReloadAssembly
Native extension for WindowsStandalone target not found
Refreshing native plugins compatible for Editor in 0.37 ms, found 1 plugins.
Preloading 0 native plugins for Editor in 0.00 ms.
Invoked RoslynAnalysisRunner static constructor.
RoslynAnalysisRunner will not be running.
RoslynAnalysisRunner has terminated.
Mono: successfully reloaded assembly
- Completed reload, in  0.960 seconds
Platform modules already initialized, skipping
Refreshing native plugins compatible for Editor in 0.34 ms, found 1 plugins.
Preloading 0 native plugins for Editor in 0.00 ms.
Unloading 1782 Unused Serialized files (Serialized files now loaded: 0)
System memory in use before: 87.4 MB.
System memory in use after: 87.4 MB.

Unloading 12 unused Assets to reduce memory usage. Loaded Objects now: 2605.
Total: 3.685700 ms (FindLiveObjects: 0.337000 ms CreateObjectMapping: 0.096700 ms MarkObjects: 2.925100 ms  DeleteObjects: 0.324600 ms)

========================================================================
Received Prepare
Registering precompiled user dll's ...
Registered in 0.001160 seconds.
Begin MonoManager ReloadAssembly
Native extension for WindowsStandalone target not found
Refreshing native plugins compatible for Editor in 0.35 ms, found 1 plugins.
Preloading 0 native plugins for Editor in 0.00 ms.
Invoked RoslynAnalysisRunner static constructor.
RoslynAnalysisRunner will not be running.
RoslynAnalysisRunner has terminated.
Mono: successfully reloaded assembly
- Completed reload, in  0.965 seconds
Platform modules already initialized, skipping
Refreshing native plugins compatible for Editor in 0.34 ms, found 1 plugins.
Preloading 0 native plugins for Editor in 0.00 ms.
Unloading 1782 Unused Serialized files (Serialized files now loaded: 0)
System memory in use before: 87.5 MB.
System memory in use after: 87.5 MB.

Unloading 12 unused Assets to reduce memory usage. Loaded Objects now: 2608.
Total: 3.259500 ms (FindLiveObjects: 0.519700 ms CreateObjectMapping: 0.155900 ms MarkObjects: 2.457300 ms  DeleteObjects: 0.124800 ms)

========================================================================
Received Prepare
Registering precompiled user dll's ...
Registered in 0.001046 seconds.
Begin MonoManager ReloadAssembly
Native extension for WindowsStandalone target not found
Refreshing native plugins compatible for Editor in 0.34 ms, found 1 plugins.
Preloading 0 native plugins for Editor in 0.00 ms.
Invoked RoslynAnalysisRunner static constructor.
RoslynAnalysisRunner will not be running.
RoslynAnalysisRunner has terminated.
Mono: successfully reloaded assembly
- Completed reload, in  0.840 seconds
Platform modules already initialized, skipping
Refreshing native plugins compatible for Editor in 0.33 ms, found 1 plugins.
Preloading 0 native plugins for Editor in 0.00 ms.
Unloading 1782 Unused Serialized files (Serialized files now loaded: 0)
System memory in use before: 87.5 MB.
System memory in use after: 87.5 MB.

Unloading 12 unused Assets to reduce memory usage. Loaded Objects now: 2611.
Total: 2.891100 ms (FindLiveObjects: 0.318700 ms CreateObjectMapping: 0.092400 ms MarkObjects: 2.320400 ms  DeleteObjects: 0.154700 ms)

========================================================================
Received Prepare
Registering precompiled user dll's ...
Registered in 0.001104 seconds.
Begin MonoManager ReloadAssembly
Native extension for WindowsStandalone target not found
Refreshing native plugins compatible for Editor in 0.38 ms, found 1 plugins.
Preloading 0 native plugins for Editor in 0.00 ms.
Invoked RoslynAnalysisRunner static constructor.
RoslynAnalysisRunner will not be running.
RoslynAnalysisRunner has terminated.
Mono: successfully reloaded assembly
- Completed reload, in  0.779 seconds
Platform modules already initialized, skipping
Refreshing native plugins compatible for Editor in 0.41 ms, found 1 plugins.
Preloading 0 native plugins for Editor in 0.00 ms.
Unloading 1783 Unused Serialized files (Serialized files now loaded: 0)
System memory in use before: 87.6 MB.
System memory in use after: 87.6 MB.

Unloading 12 unused Assets to reduce memory usage. Loaded Objects now: 2615.
Total: 2.218400 ms (FindLiveObjects: 0.286100 ms CreateObjectMapping: 0.108000 ms MarkObjects: 1.702900 ms  DeleteObjects: 0.119900 ms)

========================================================================
Received Import Request.
  Time since last request: 2113.892249 seconds.
  path: Assets/NewBehaviourScript.cs
  artifactKey: Guid(a71fc8df82ca61444807843bd2ae0025) Importer(815301076,1909f56bfc062723c751e8b465ee728b)
Start importing Assets/NewBehaviourScript.cs using Guid(a71fc8df82ca61444807843bd2ae0025) Importer(815301076,1909f56bfc062723c751e8b465ee728b)  -> (artifact id: '8b8aab86430b536b4a2e33157145b816') in 0.010926 seconds
  Import took 0.014198 seconds .

========================================================================
Received Prepare
Registering precompiled user dll's ...
Registered in 0.000999 seconds.
Begin MonoManager ReloadAssembly
Native extension for WindowsStandalone target not found
Refreshing native plugins compatible for Editor in 0.33 ms, found 1 plugins.
Preloading 0 native plugins for Editor in 0.00 ms.
Invoked RoslynAnalysisRunner static constructor.
RoslynAnalysisRunner will not be running.
RoslynAnalysisRunner has terminated.
Mono: successfully reloaded assembly
- Completed reload, in  0.799 seconds
Platform modules already initialized, skipping
Refreshing native plugins compatible for Editor in 0.34 ms, found 1 plugins.
Preloading 0 native plugins for Editor in 0.00 ms.
Unloading 1782 Unused Serialized files (Serialized files now loaded: 0)
System memory in use before: 87.7 MB.
System memory in use after: 87.7 MB.

Unloading 13 unused Assets to reduce memory usage. Loaded Objects now: 2617.
Total: 2.315300 ms (FindLiveObjects: 0.269600 ms CreateObjectMapping: 0.074700 ms MarkObjects: 1.839000 ms  DeleteObjects: 0.131000 ms)

========================================================================
Received Import Request.
  Time since last request: 11.291446 seconds.
  path: Assets/Animations
  artifactKey: Guid(209b3ca8de2d1524caeecb3e5867c9e3) Importer(815301076,1909f56bfc062723c751e8b465ee728b)
Start importing Assets/Animations using Guid(209b3ca8de2d1524caeecb3e5867c9e3) Importer(815301076,1909f56bfc062723c751e8b465ee728b)  -> (artifact id: '76fe5c1a59fa9b573925748ae5d4fee2') in 0.008297 seconds
  Import took 0.029125 seconds .

========================================================================
Received Import Request.
  Time since last request: 3967.703499 seconds.
  path: Assets/Scenes
  artifactKey: Guid(418b535b5aa4eeb4c993f158ba2fd8fe) Importer(815301076,1909f56bfc062723c751e8b465ee728b)
Start importing Assets/Scenes using Guid(418b535b5aa4eeb4c993f158ba2fd8fe) Importer(815301076,1909f56bfc062723c751e8b465ee728b)  -> (artifact id: 'd293d9bbb7f016a50d3fd28a14fa1d42') in 0.008280 seconds
  Import took 0.011978 seconds .

========================================================================
Received Import Request.
  Time since last request: 76.653570 seconds.
  path: Assets/Sprites/mmx_xsheet 1.png
  artifactKey: Guid(9f4ce6e9c00822d459ead30622e0ca38) Importer(815301076,1909f56bfc062723c751e8b465ee728b)
Start importing Assets/Sprites/mmx_xsheet 1.png using Guid(9f4ce6e9c00822d459ead30622e0ca38) Importer(815301076,1909f56bfc062723c751e8b465ee728b)  -> (artifact id: 'cc3e7aa6f529f38d2176cef2b8731e34') in 0.613565 seconds
  Import took 0.617536 seconds .

========================================================================
Received Import Request.
  Time since last request: 181.050855 seconds.
  path: Assets/Animations/PlayerAnimations/Player.controller
  artifactKey: Guid(5d1f7d10458f65346842a49a0eb8432a) Importer(815301076,1909f56bfc062723c751e8b465ee728b)
Start importing Assets/Animations/PlayerAnimations/Player.controller using Guid(5d1f7d10458f65346842a49a0eb8432a) Importer(815301076,1909f56bfc062723c751e8b465ee728b)  -> (artifact id: '686da2c046486581ae32129c14d7f442') in 0.016007 seconds
  Import took 0.115333 seconds .

========================================================================
Received Import Request.
  Time since last request: 171.342992 seconds.
  path: Assets/Animations/PlayerAnimations/PlayerIdle.anim
  artifactKey: Guid(7b71387f9cda6ea41b314e4ee3cbda49) Importer(815301076,1909f56bfc062723c751e8b465ee728b)
Start importing Assets/Animations/PlayerAnimations/PlayerIdle.anim using Guid(7b71387f9cda6ea41b314e4ee3cbda49) Importer(815301076,1909f56bfc062723c751e8b465ee728b)  -> (artifact id: '12d39f30f6768597e2f1a6bf2956e66a') in 0.010028 seconds
  Import took 0.013745 seconds .

========================================================================
Received Import Request.
  Time since last request: 0.691605 seconds.
  path: Assets/Animations/PlayerAnimations/PlayerIdle.anim
  artifactKey: Guid(7b71387f9cda6ea41b314e4ee3cbda49) Importer(815301076,1909f56bfc062723c751e8b465ee728b)
Start importing Assets/Animations/PlayerAnimations/PlayerIdle.anim using Guid(7b71387f9cda6ea41b314e4ee3cbda49) Importer(815301076,1909f56bfc062723c751e8b465ee728b)  -> (artifact id: '12d39f30f6768597e2f1a6bf2956e66a') in 0.006887 seconds
  Import took 0.013015 seconds .

========================================================================
Received Import Request.
  Time since last request: 429.570556 seconds.
  path: Assets/Script
  artifactKey: Guid(8895a5a9838539541b508e0cb690820e) Importer(815301076,1909f56bfc062723c751e8b465ee728b)
Start importing Assets/Script using Guid(8895a5a9838539541b508e0cb690820e) Importer(815301076,1909f56bfc062723c751e8b465ee728b)  -> (artifact id: 'ee07641b0ba1b8237764f68f24cdc841') in 0.009405 seconds
  Import took 0.013190 seconds .

========================================================================
Received Import Request.
  Time since last request: 5.428182 seconds.
  path: Assets/Scripts
  artifactKey: Guid(8895a5a9838539541b508e0cb690820e) Importer(815301076,1909f56bfc062723c751e8b465ee728b)
Start importing Assets/Scripts using Guid(8895a5a9838539541b508e0cb690820e) Importer(815301076,1909f56bfc062723c751e8b465ee728b)  -> (artifact id: 'd40379620e095a8168ac9ef108190f65') in 0.009805 seconds
  Import took 0.016144 seconds .

========================================================================
Received Import Request.
  Time since last request: 9.763006 seconds.
  path: Assets/Scripts/GameManager.cs
  artifactKey: Guid(90114936c101f1c4685a40600af487f7) Importer(815301076,1909f56bfc062723c751e8b465ee728b)
Start importing Assets/Scripts/GameManager.cs using Guid(90114936c101f1c4685a40600af487f7) Importer(815301076,1909f56bfc062723c751e8b465ee728b)  -> (artifact id: 'd7bd1798e03163246d02a446f76b71cd') in 0.009446 seconds
  Import took 0.039314 seconds .

========================================================================
Received Prepare
Registering precompiled user dll's ...
Registered in 0.032547 seconds.
Begin MonoManager ReloadAssembly
Native extension for WindowsStandalone target not found
Refreshing native plugins compatible for Editor in 0.33 ms, found 1 plugins.
Preloading 0 native plugins for Editor in 0.00 ms.
Invoked RoslynAnalysisRunner static constructor.
RoslynAnalysisRunner will not be running.
RoslynAnalysisRunner has terminated.
Mono: successfully reloaded assembly
- Completed reload, in  0.825 seconds
Platform modules already initialized, skipping
Refreshing native plugins compatible for Editor in 0.40 ms, found 1 plugins.
Preloading 0 native plugins for Editor in 0.00 ms.
Unloading 1783 Unused Serialized files (Serialized files now loaded: 0)
System memory in use before: 87.8 MB.
System memory in use after: 87.8 MB.

Unloading 12 unused Assets to reduce memory usage. Loaded Objects now: 2622.
Total: 2.375800 ms (FindLiveObjects: 0.281600 ms CreateObjectMapping: 0.126700 ms MarkObjects: 1.867400 ms  DeleteObjects: 0.098900 ms)

========================================================================
Received Prepare
Registering precompiled user dll's ...
Registered in 0.000967 seconds.
Begin MonoManager ReloadAssembly
Native extension for WindowsStandalone target not found
Refreshing native plugins compatible for Editor in 0.32 ms, found 1 plugins.
Preloading 0 native plugins for Editor in 0.00 ms.
Invoked RoslynAnalysisRunner static constructor.
RoslynAnalysisRunner will not be running.
RoslynAnalysisRunner has terminated.
Mono: successfully reloaded assembly
- Completed reload, in  0.770 seconds
Platform modules already initialized, skipping
Refreshing native plugins compatible for Editor in 0.36 ms, found 1 plugins.
Preloading 0 native plugins for Editor in 0.00 ms.
Unloading 1783 Unused Serialized files (Serialized files now loaded: 0)
System memory in use before: 87.9 MB.
System memory in use after: 87.9 MB.

Unloading 12 unused Assets to reduce memory usage. Loaded Objects now: 2625.
Total: 2.521100 ms (FindLiveObjects: 0.215100 ms CreateObjectMapping: 0.092100 ms MarkObjects: 2.104900 ms  DeleteObjects: 0.107500 ms)

========================================================================
Received Import Request.
  Time since last request: 372.298154 seconds.
  path: Assets/Scripts/PlayerControl.cs
  artifactKey: Guid(e8ff086b25eea744ca1310fb69b236aa) Importer(815301076,1909f56bfc062723c751e8b465ee728b)
Start importing Assets/Scripts/PlayerControl.cs using Guid(e8ff086b25eea744ca1310fb69b236aa) Importer(815301076,1909f56bfc062723c751e8b465ee728b)  -> (artifact id: '63414b254c926c7216571c004b5a139a') in 0.010617 seconds
  Import took 0.014881 seconds .

========================================================================
Received Prepare
Registering precompiled user dll's ...
Registered in 0.000998 seconds.
Begin MonoManager ReloadAssembly
Native extension for WindowsStandalone target not found
Refreshing native plugins compatible for Editor in 0.35 ms, found 1 plugins.
Preloading 0 native plugins for Editor in 0.00 ms.
Invoked RoslynAnalysisRunner static constructor.
RoslynAnalysisRunner will not be running.
RoslynAnalysisRunner has terminated.
Mono: successfully reloaded assembly
- Completed reload, in  0.911 seconds
Platform modules already initialized, skipping
Refreshing native plugins compatible for Editor in 0.50 ms, found 1 plugins.
Preloading 0 native plugins for Editor in 0.00 ms.
Unloading 1784 Unused Serialized files (Serialized files now loaded: 0)
System memory in use before: 87.9 MB.
System memory in use after: 87.9 MB.

Unloading 12 unused Assets to reduce memory usage. Loaded Objects now: 2629.
Total: 2.378600 ms (FindLiveObjects: 0.313100 ms CreateObjectMapping: 0.152700 ms MarkObjects: 1.820100 ms  DeleteObjects: 0.091600 ms)

========================================================================
Received Prepare
Registering precompiled user dll's ...
Registered in 0.001157 seconds.
Begin MonoManager ReloadAssembly
Native extension for WindowsStandalone target not found
Refreshing native plugins compatible for Editor in 0.38 ms, found 1 plugins.
Preloading 0 native plugins for Editor in 0.00 ms.
Invoked RoslynAnalysisRunner static constructor.
RoslynAnalysisRunner will not be running.
RoslynAnalysisRunner has terminated.
Mono: successfully reloaded assembly
- Completed reload, in  0.947 seconds
Platform modules already initialized, skipping
Refreshing native plugins compatible for Editor in 0.33 ms, found 1 plugins.
Preloading 0 native plugins for Editor in 0.00 ms.
Unloading 1784 Unused Serialized files (Serialized files now loaded: 0)
System memory in use before: 88.0 MB.
System memory in use after: 88.0 MB.

Unloading 12 unused Assets to reduce memory usage. Loaded Objects now: 2632.
Total: 1.991900 ms (FindLiveObjects: 0.246000 ms CreateObjectMapping: 0.115200 ms MarkObjects: 1.528300 ms  DeleteObjects: 0.100900 ms)

========================================================================
Received Import Request.
  Time since last request: 1908.194664 seconds.
  path: Assets/Scripts/PlayerControl.cs
  artifactKey: Guid(e8ff086b25eea744ca1310fb69b236aa) Importer(815301076,1909f56bfc062723c751e8b465ee728b)
Start importing Assets/Scripts/PlayerControl.cs using Guid(e8ff086b25eea744ca1310fb69b236aa) Importer(815301076,1909f56bfc062723c751e8b465ee728b)  -> (artifact id: '98cedd7e75e16325fa218c5a9e12a416') in 0.005180 seconds
  Import took 0.009847 seconds .

========================================================================
Received Prepare
Registering precompiled user dll's ...
Registered in 0.001062 seconds.
Begin MonoManager ReloadAssembly
Native extension for WindowsStandalone target not found
Refreshing native plugins compatible for Editor in 0.33 ms, found 1 plugins.
Preloading 0 native plugins for Editor in 0.00 ms.
Invoked RoslynAnalysisRunner static constructor.
RoslynAnalysisRunner will not be running.
RoslynAnalysisRunner has terminated.
Mono: successfully reloaded assembly
- Completed reload, in  0.775 seconds
Platform modules already initialized, skipping
Refreshing native plugins compatible for Editor in 0.33 ms, found 1 plugins.
Preloading 0 native plugins for Editor in 0.00 ms.
Unloading 1784 Unused Serialized files (Serialized files now loaded: 0)
System memory in use before: 88.0 MB.
System memory in use after: 88.0 MB.

Unloading 12 unused Assets to reduce memory usage. Loaded Objects now: 2635.
Total: 2.164400 ms (FindLiveObjects: 0.240400 ms CreateObjectMapping: 0.093400 ms MarkObjects: 1.731200 ms  DeleteObjects: 0.097900 ms)

========================================================================
Received Prepare
Registering precompiled user dll's ...
Registered in 0.000974 seconds.
Begin MonoManager ReloadAssembly
Native extension for WindowsStandalone target not found
Refreshing native plugins compatible for Editor in 0.56 ms, found 1 plugins.
Preloading 0 native plugins for Editor in 0.00 ms.
Invoked RoslynAnalysisRunner static constructor.
RoslynAnalysisRunner will not be running.
RoslynAnalysisRunner has terminated.
Mono: successfully reloaded assembly
- Completed reload, in  0.853 seconds
Platform modules already initialized, skipping
Refreshing native plugins compatible for Editor in 0.33 ms, found 1 plugins.
Preloading 0 native plugins for Editor in 0.00 ms.
Unloading 1784 Unused Serialized files (Serialized files now loaded: 0)
System memory in use before: 88.1 MB.
System memory in use after: 88.1 MB.

Unloading 12 unused Assets to reduce memory usage. Loaded Objects now: 2638.
Total: 2.580400 ms (FindLiveObjects: 0.226100 ms CreateObjectMapping: 0.073300 ms MarkObjects: 2.170300 ms  DeleteObjects: 0.109500 ms)

========================================================================
Received Prepare
Registering precompiled user dll's ...
Registered in 0.018581 seconds.
Begin MonoManager ReloadAssembly
Native extension for WindowsStandalone target not found
Refreshing native plugins compatible for Editor in 0.34 ms, found 1 plugins.
Preloading 0 native plugins for Editor in 0.00 ms.
Invoked RoslynAnalysisRunner static constructor.
RoslynAnalysisRunner will not be running.
RoslynAnalysisRunner has terminated.
Mono: successfully reloaded assembly
- Completed reload, in  0.876 seconds
Platform modules already initialized, skipping
Refreshing native plugins compatible for Editor in 0.42 ms, found 1 plugins.
Preloading 0 native plugins for Editor in 0.00 ms.
Unloading 1784 Unused Serialized files (Serialized files now loaded: 0)
System memory in use before: 88.2 MB.
System memory in use after: 88.2 MB.

Unloading 12 unused Assets to reduce memory usage. Loaded Objects now: 2641.
Total: 33.259300 ms (FindLiveObjects: 0.349400 ms CreateObjectMapping: 0.171000 ms MarkObjects: 32.621000 ms  DeleteObjects: 0.116700 ms)

AssetImportWorkerClient::OnTransportError - code=2 error=End of file
